2025-04-10 13:17:00 | INFO | repo=SolanaRust | action=commit
2025-12-21 12:21:00 | DEBUG | repo=SolanaRust | action=edit | files=3
2025-01-01 21:41:00 | INFO | repo=SolanaRust | action=commit
2025-02-27 10:38:00 | WARN | repo=SolanaRust | action=test | passed=true
2025-11-23 12:42:00 | INFO | repo=SolanaRust | action=edit | files=1
2025-05-06 18:57:00 | DEBUG | repo=SolanaRust | action=commit
2025-10-06 21:28:00 | WARN | repo=SolanaRust | action=test | passed=true
2025-04-21 18:57:00 | DEBUG | repo=SolanaRust | action=commit
2025-04-09 14:44:00 | DEBUG | repo=SolanaRust | action=commit
2025-03-14 11:23:00 | INFO | repo=SolanaRust | action=commit
2025-12-12 18:05:00 | WARN | repo=SolanaRust | action=commit
2025-11-21 13:22:00 | DEBUG | repo=SolanaRust | action=commit
2025-08-07 11:18:00 | WARN | repo=SolanaRust | action=commit
2025-10-16T13:57:00 | nonce=9001567557087962826
2025-10-22T14:15:00 | nonce=6713479903638670342
2025-07-24T11:24:00 | nonce=1647342132865229362
2025-09-06T13:53:00 | nonce=15074415383547736790
2025-01-26T17:40:00 | nonce=7677860263073536960
2025-11-15T19:01:00 | nonce=12698424409696427253
2025-07-18T18:36:00 | nonce=17129688072219224505
2025-04-22T11:16:00 | nonce=13200392670753629975
2025-09-14T19:51:00 | nonce=8499833007777701856
2025-04-28T11:17:00 | nonce=17876149920079631700
2025-11-22T18:58:00 | nonce=13951519795024339399
2025-11-06T11:52:00 | nonce=2039938831135069046
